{"total": {"lines":{"total":247,"covered":239,"skipped":0,"pct":96.76},"statements":{"total":275,"covered":260,"skipped":0,"pct":94.54},"functions":{"total":71,"covered":65,"skipped":0,"pct":91.54},"branches":{"total":159,"covered":134,"skipped":0,"pct":84.27},"branchesTrue":{"total":0,"covered":0,"skipped":0,"pct":100}}
,"/Users/dragos/Documents/Code/appssemble/grovs/grovs-js/src/version.ts": {"lines":{"total":1,"covered":1,"skipped":0,"pct":100},"functions":{"total":0,"covered":0,"skipped":0,"pct":100},"statements":{"total":1,"covered":1,"skipped":0,"pct":100},"branches":{"total":0,"covered":0,"skipped":0,"pct":100}}
,"/Users/dragos/Documents/Code/appssemble/grovs/grovs-js/src/core/client.ts": {"lines":{"total":78,"covered":75,"skipped":0,"pct":96.15},"functions":{"total":21,"covered":18,"skipped":0,"pct":85.71},"statements":{"total":82,"covered":79,"skipped":0,"pct":96.34},"branches":{"total":53,"covered":45,"skipped":0,"pct":84.9}}
,"/Users/dragos/Documents/Code/appssemble/grovs/grovs-js/src/core/config.ts": {"lines":{"total":9,"covered":9,"skipped":0,"pct":100},"functions":{"total":1,"covered":1,"skipped":0,"pct":100},"statements":{"total":10,"covered":9,"skipped":0,"pct":90},"branches":{"total":16,"covered":14,"skipped":0,"pct":87.5}}
,"/Users/dragos/Documents/Code/appssemble/grovs/grovs-js/src/core/context.ts": {"lines":{"total":8,"covered":8,"skipped":0,"pct":100},"functions":{"total":1,"covered":1,"skipped":0,"pct":100},"statements":{"total":8,"covered":8,"skipped":0,"pct":100},"branches":{"total":0,"covered":0,"skipped":0,"pct":100}}
,"/Users/dragos/Documents/Code/appssemble/grovs/grovs-js/src/core/environment.ts": {"lines":{"total":26,"covered":24,"skipped":0,"pct":92.3},"functions":{"total":8,"covered":8,"skipped":0,"pct":100},"statements":{"total":29,"covered":25,"skipped":0,"pct":86.2},"branches":{"total":18,"covered":12,"skipped":0,"pct":66.66}}
,"/Users/dragos/Documents/Code/appssemble/grovs/grovs-js/src/links/deeplink.ts": {"lines":{"total":17,"covered":17,"skipped":0,"pct":100},"functions":{"total":4,"covered":4,"skipped":0,"pct":100},"statements":{"total":20,"covered":20,"skipped":0,"pct":100},"branches":{"total":6,"covered":6,"skipped":0,"pct":100}}
,"/Users/dragos/Documents/Code/appssemble/grovs/grovs-js/src/logging/logger.ts": {"lines":{"total":19,"covered":18,"skipped":0,"pct":94.73},"functions":{"total":8,"covered":7,"skipped":0,"pct":87.5},"statements":{"total":24,"covered":22,"skipped":0,"pct":91.66},"branches":{"total":10,"covered":8,"skipped":0,"pct":80}}
,"/Users/dragos/Documents/Code/appssemble/grovs/grovs-js/src/net/api.ts": {"lines":{"total":25,"covered":23,"skipped":0,"pct":92},"functions":{"total":13,"covered":11,"skipped":0,"pct":84.61},"statements":{"total":29,"covered":25,"skipped":0,"pct":86.2},"branches":{"total":10,"covered":6,"skipped":0,"pct":60}}
,"/Users/dragos/Documents/Code/appssemble/grovs/grovs-js/src/net/errors.ts": {"lines":{"total":7,"covered":7,"skipped":0,"pct":100},"functions":{"total":2,"covered":2,"skipped":0,"pct":100},"statements":{"total":7,"covered":7,"skipped":0,"pct":100},"branches":{"total":0,"covered":0,"skipped":0,"pct":100}}
,"/Users/dragos/Documents/Code/appssemble/grovs/grovs-js/src/net/fetch-transport.ts": {"lines":{"total":13,"covered":13,"skipped":0,"pct":100},"functions":{"total":1,"covered":1,"skipped":0,"pct":100},"statements":{"total":14,"covered":14,"skipped":0,"pct":100},"branches":{"total":8,"covered":7,"skipped":0,"pct":87.5}}
,"/Users/dragos/Documents/Code/appssemble/grovs/grovs-js/src/net/headers.ts": {"lines":{"total":4,"covered":4,"skipped":0,"pct":100},"functions":{"total":1,"covered":1,"skipped":0,"pct":100},"statements":{"total":6,"covered":6,"skipped":0,"pct":100},"branches":{"total":6,"covered":6,"skipped":0,"pct":100}}
,"/Users/dragos/Documents/Code/appssemble/grovs/grovs-js/src/net/transport.ts": {"lines":{"total":0,"covered":0,"skipped":0,"pct":100},"functions":{"total":0,"covered":0,"skipped":0,"pct":100},"statements":{"total":0,"covered":0,"skipped":0,"pct":100},"branches":{"total":0,"covered":0,"skipped":0,"pct":100}}
,"/Users/dragos/Documents/Code/appssemble/grovs/grovs-js/src/storage/cookie-storage.ts": {"lines":{"total":22,"covered":22,"skipped":0,"pct":100},"functions":{"total":4,"covered":4,"skipped":0,"pct":100},"statements":{"total":26,"covered":25,"skipped":0,"pct":96.15},"branches":{"total":22,"covered":20,"skipped":0,"pct":90.9}}
,"/Users/dragos/Documents/Code/appssemble/grovs/grovs-js/src/storage/local-storage.ts": {"lines":{"total":7,"covered":7,"skipped":0,"pct":100},"functions":{"total":3,"covered":3,"skipped":0,"pct":100},"statements":{"total":7,"covered":7,"skipped":0,"pct":100},"branches":{"total":2,"covered":2,"skipped":0,"pct":100}}
,"/Users/dragos/Documents/Code/appssemble/grovs/grovs-js/src/storage/memory-storage.ts": {"lines":{"total":4,"covered":4,"skipped":0,"pct":100},"functions":{"total":3,"covered":3,"skipped":0,"pct":100},"statements":{"total":4,"covered":4,"skipped":0,"pct":100},"branches":{"total":2,"covered":2,"skipped":0,"pct":100}}
,"/Users/dragos/Documents/Code/appssemble/grovs/grovs-js/src/storage/storage.ts": {"lines":{"total":7,"covered":7,"skipped":0,"pct":100},"functions":{"total":1,"covered":1,"skipped":0,"pct":100},"statements":{"total":8,"covered":8,"skipped":0,"pct":100},"branches":{"total":6,"covered":6,"skipped":0,"pct":100}}
}
