{"total": {"lines":{"total":1025,"covered":983,"skipped":0,"pct":95.9},"statements":{"total":1189,"covered":1115,"skipped":0,"pct":93.77},"functions":{"total":243,"covered":223,"skipped":0,"pct":91.76},"branches":{"total":620,"covered":535,"skipped":0,"pct":86.29},"branchesTrue":{"total":0,"covered":0,"skipped":0,"pct":100}}
,"/Users/dragos/Documents/Code/appssemble/grovs/grovs-js/src/version.ts": {"lines":{"total":1,"covered":1,"skipped":0,"pct":100},"functions":{"total":0,"covered":0,"skipped":0,"pct":100},"statements":{"total":1,"covered":1,"skipped":0,"pct":100},"branches":{"total":0,"covered":0,"skipped":0,"pct":100}}
,"/Users/dragos/Documents/Code/appssemble/grovs/grovs-js/src/compat/v1.ts": {"lines":{"total":46,"covered":39,"skipped":0,"pct":84.78},"functions":{"total":17,"covered":15,"skipped":0,"pct":88.23},"statements":{"total":51,"covered":43,"skipped":0,"pct":84.31},"branches":{"total":11,"covered":7,"skipped":0,"pct":63.63}}
,"/Users/dragos/Documents/Code/appssemble/grovs/grovs-js/src/core/client.ts": {"lines":{"total":151,"covered":139,"skipped":0,"pct":92.05},"functions":{"total":44,"covered":35,"skipped":0,"pct":79.54},"statements":{"total":164,"covered":149,"skipped":0,"pct":90.85},"branches":{"total":95,"covered":78,"skipped":0,"pct":82.1}}
,"/Users/dragos/Documents/Code/appssemble/grovs/grovs-js/src/core/clock.ts": {"lines":{"total":1,"covered":1,"skipped":0,"pct":100},"functions":{"total":1,"covered":1,"skipped":0,"pct":100},"statements":{"total":1,"covered":1,"skipped":0,"pct":100},"branches":{"total":0,"covered":0,"skipped":0,"pct":100}}
,"/Users/dragos/Documents/Code/appssemble/grovs/grovs-js/src/core/config.ts": {"lines":{"total":9,"covered":9,"skipped":0,"pct":100},"functions":{"total":1,"covered":1,"skipped":0,"pct":100},"statements":{"total":10,"covered":9,"skipped":0,"pct":90},"branches":{"total":20,"covered":18,"skipped":0,"pct":90}}
,"/Users/dragos/Documents/Code/appssemble/grovs/grovs-js/src/core/context.ts": {"lines":{"total":8,"covered":8,"skipped":0,"pct":100},"functions":{"total":2,"covered":2,"skipped":0,"pct":100},"statements":{"total":8,"covered":8,"skipped":0,"pct":100},"branches":{"total":0,"covered":0,"skipped":0,"pct":100}}
,"/Users/dragos/Documents/Code/appssemble/grovs/grovs-js/src/core/environment.ts": {"lines":{"total":62,"covered":59,"skipped":0,"pct":95.16},"functions":{"total":12,"covered":12,"skipped":0,"pct":100},"statements":{"total":75,"covered":70,"skipped":0,"pct":93.33},"branches":{"total":48,"covered":38,"skipped":0,"pct":79.16}}
,"/Users/dragos/Documents/Code/appssemble/grovs/grovs-js/src/core/session.ts": {"lines":{"total":28,"covered":28,"skipped":0,"pct":100},"functions":{"total":6,"covered":6,"skipped":0,"pct":100},"statements":{"total":32,"covered":32,"skipped":0,"pct":100},"branches":{"total":14,"covered":14,"skipped":0,"pct":100}}
,"/Users/dragos/Documents/Code/appssemble/grovs/grovs-js/src/core/uuid.ts": {"lines":{"total":11,"covered":11,"skipped":0,"pct":100},"functions":{"total":1,"covered":1,"skipped":0,"pct":100},"statements":{"total":16,"covered":16,"skipped":0,"pct":100},"branches":{"total":10,"covered":7,"skipped":0,"pct":70}}
,"/Users/dragos/Documents/Code/appssemble/grovs/grovs-js/src/events/custom-events-handler.ts": {"lines":{"total":51,"covered":49,"skipped":0,"pct":96.07},"functions":{"total":8,"covered":8,"skipped":0,"pct":100},"statements":{"total":61,"covered":59,"skipped":0,"pct":96.72},"branches":{"total":44,"covered":41,"skipped":0,"pct":93.18}}
,"/Users/dragos/Documents/Code/appssemble/grovs/grovs-js/src/events/enrich.ts": {"lines":{"total":14,"covered":14,"skipped":0,"pct":100},"functions":{"total":4,"covered":4,"skipped":0,"pct":100},"statements":{"total":20,"covered":20,"skipped":0,"pct":100},"branches":{"total":18,"covered":17,"skipped":0,"pct":94.44}}
,"/Users/dragos/Documents/Code/appssemble/grovs/grovs-js/src/events/event.ts": {"lines":{"total":1,"covered":1,"skipped":0,"pct":100},"functions":{"total":1,"covered":1,"skipped":0,"pct":100},"statements":{"total":1,"covered":1,"skipped":0,"pct":100},"branches":{"total":0,"covered":0,"skipped":0,"pct":100}}
,"/Users/dragos/Documents/Code/appssemble/grovs/grovs-js/src/events/events-handler.ts": {"lines":{"total":77,"covered":77,"skipped":0,"pct":100},"functions":{"total":19,"covered":19,"skipped":0,"pct":100},"statements":{"total":97,"covered":92,"skipped":0,"pct":94.84},"branches":{"total":53,"covered":46,"skipped":0,"pct":86.79}}
,"/Users/dragos/Documents/Code/appssemble/grovs/grovs-js/src/events/payment-events-handler.ts": {"lines":{"total":14,"covered":14,"skipped":0,"pct":100},"functions":{"total":2,"covered":2,"skipped":0,"pct":100},"statements":{"total":15,"covered":14,"skipped":0,"pct":93.33},"branches":{"total":10,"covered":9,"skipped":0,"pct":90}}
,"/Users/dragos/Documents/Code/appssemble/grovs/grovs-js/src/events/sanitize.ts": {"lines":{"total":47,"covered":44,"skipped":0,"pct":93.61},"functions":{"total":4,"covered":4,"skipped":0,"pct":100},"statements":{"total":57,"covered":53,"skipped":0,"pct":92.98},"branches":{"total":37,"covered":34,"skipped":0,"pct":91.89}}
,"/Users/dragos/Documents/Code/appssemble/grovs/grovs-js/src/links/deeplink.ts": {"lines":{"total":17,"covered":17,"skipped":0,"pct":100},"functions":{"total":4,"covered":4,"skipped":0,"pct":100},"statements":{"total":20,"covered":20,"skipped":0,"pct":100},"branches":{"total":6,"covered":6,"skipped":0,"pct":100}}
,"/Users/dragos/Documents/Code/appssemble/grovs/grovs-js/src/links/links.ts": {"lines":{"total":23,"covered":23,"skipped":0,"pct":100},"functions":{"total":3,"covered":3,"skipped":0,"pct":100},"statements":{"total":25,"covered":24,"skipped":0,"pct":96},"branches":{"total":20,"covered":19,"skipped":0,"pct":95}}
,"/Users/dragos/Documents/Code/appssemble/grovs/grovs-js/src/logging/logger.ts": {"lines":{"total":19,"covered":18,"skipped":0,"pct":94.73},"functions":{"total":9,"covered":8,"skipped":0,"pct":88.88},"statements":{"total":24,"covered":23,"skipped":0,"pct":95.83},"branches":{"total":10,"covered":9,"skipped":0,"pct":90}}
,"/Users/dragos/Documents/Code/appssemble/grovs/grovs-js/src/messages/messages-ui.ts": {"lines":{"total":108,"covered":100,"skipped":0,"pct":92.59},"functions":{"total":12,"covered":7,"skipped":0,"pct":58.33},"statements":{"total":119,"covered":105,"skipped":0,"pct":88.23},"branches":{"total":24,"covered":12,"skipped":0,"pct":50}}
,"/Users/dragos/Documents/Code/appssemble/grovs/grovs-js/src/messages/messages.ts": {"lines":{"total":21,"covered":21,"skipped":0,"pct":100},"functions":{"total":6,"covered":6,"skipped":0,"pct":100},"statements":{"total":22,"covered":22,"skipped":0,"pct":100},"branches":{"total":12,"covered":11,"skipped":0,"pct":91.66}}
,"/Users/dragos/Documents/Code/appssemble/grovs/grovs-js/src/net/api.ts": {"lines":{"total":49,"covered":48,"skipped":0,"pct":97.95},"functions":{"total":19,"covered":18,"skipped":0,"pct":94.73},"statements":{"total":61,"covered":60,"skipped":0,"pct":98.36},"branches":{"total":39,"covered":37,"skipped":0,"pct":94.87}}
,"/Users/dragos/Documents/Code/appssemble/grovs/grovs-js/src/net/errors.ts": {"lines":{"total":7,"covered":7,"skipped":0,"pct":100},"functions":{"total":2,"covered":2,"skipped":0,"pct":100},"statements":{"total":8,"covered":8,"skipped":0,"pct":100},"branches":{"total":2,"covered":2,"skipped":0,"pct":100}}
,"/Users/dragos/Documents/Code/appssemble/grovs/grovs-js/src/net/fetch-transport.ts": {"lines":{"total":13,"covered":13,"skipped":0,"pct":100},"functions":{"total":1,"covered":1,"skipped":0,"pct":100},"statements":{"total":14,"covered":14,"skipped":0,"pct":100},"branches":{"total":8,"covered":7,"skipped":0,"pct":87.5}}
,"/Users/dragos/Documents/Code/appssemble/grovs/grovs-js/src/net/headers.ts": {"lines":{"total":4,"covered":4,"skipped":0,"pct":100},"functions":{"total":1,"covered":1,"skipped":0,"pct":100},"statements":{"total":6,"covered":6,"skipped":0,"pct":100},"branches":{"total":6,"covered":6,"skipped":0,"pct":100}}
,"/Users/dragos/Documents/Code/appssemble/grovs/grovs-js/src/net/transport.ts": {"lines":{"total":0,"covered":0,"skipped":0,"pct":100},"functions":{"total":0,"covered":0,"skipped":0,"pct":100},"statements":{"total":0,"covered":0,"skipped":0,"pct":100},"branches":{"total":0,"covered":0,"skipped":0,"pct":100}}
,"/Users/dragos/Documents/Code/appssemble/grovs/grovs-js/src/storage/cookie-storage.ts": {"lines":{"total":22,"covered":22,"skipped":0,"pct":100},"functions":{"total":4,"covered":4,"skipped":0,"pct":100},"statements":{"total":26,"covered":25,"skipped":0,"pct":96.15},"branches":{"total":22,"covered":20,"skipped":0,"pct":90.9}}
,"/Users/dragos/Documents/Code/appssemble/grovs/grovs-js/src/storage/identity.ts": {"lines":{"total":14,"covered":14,"skipped":0,"pct":100},"functions":{"total":4,"covered":4,"skipped":0,"pct":100},"statements":{"total":15,"covered":15,"skipped":0,"pct":100},"branches":{"total":14,"covered":12,"skipped":0,"pct":85.71}}
,"/Users/dragos/Documents/Code/appssemble/grovs/grovs-js/src/storage/local-storage.ts": {"lines":{"total":7,"covered":7,"skipped":0,"pct":100},"functions":{"total":3,"covered":3,"skipped":0,"pct":100},"statements":{"total":7,"covered":7,"skipped":0,"pct":100},"branches":{"total":2,"covered":2,"skipped":0,"pct":100}}
,"/Users/dragos/Documents/Code/appssemble/grovs/grovs-js/src/storage/memory-storage.ts": {"lines":{"total":4,"covered":4,"skipped":0,"pct":100},"functions":{"total":4,"covered":4,"skipped":0,"pct":100},"statements":{"total":4,"covered":4,"skipped":0,"pct":100},"branches":{"total":2,"covered":2,"skipped":0,"pct":100}}
,"/Users/dragos/Documents/Code/appssemble/grovs/grovs-js/src/storage/persisted-queue.ts": {"lines":{"total":61,"covered":61,"skipped":0,"pct":100},"functions":{"total":18,"covered":18,"skipped":0,"pct":100},"statements":{"total":68,"covered":66,"skipped":0,"pct":97.05},"branches":{"total":20,"covered":18,"skipped":0,"pct":90}}
,"/Users/dragos/Documents/Code/appssemble/grovs/grovs-js/src/storage/storage.ts": {"lines":{"total":7,"covered":7,"skipped":0,"pct":100},"functions":{"total":1,"covered":1,"skipped":0,"pct":100},"statements":{"total":8,"covered":8,"skipped":0,"pct":100},"branches":{"total":6,"covered":6,"skipped":0,"pct":100}}
,"/Users/dragos/Documents/Code/appssemble/grovs/grovs-js/src/tracking/auto-screen-tracker.ts": {"lines":{"total":81,"covered":76,"skipped":0,"pct":93.82},"functions":{"total":13,"covered":11,"skipped":0,"pct":84.61},"statements":{"total":97,"covered":85,"skipped":0,"pct":87.62},"branches":{"total":45,"covered":36,"skipped":0,"pct":80}}
,"/Users/dragos/Documents/Code/appssemble/grovs/grovs-js/src/tracking/lifecycle.ts": {"lines":{"total":27,"covered":27,"skipped":0,"pct":100},"functions":{"total":8,"covered":8,"skipped":0,"pct":100},"statements":{"total":31,"covered":30,"skipped":0,"pct":96.77},"branches":{"total":12,"covered":11,"skipped":0,"pct":91.66}}
,"/Users/dragos/Documents/Code/appssemble/grovs/grovs-js/src/tracking/screen-aliases.ts": {"lines":{"total":20,"covered":20,"skipped":0,"pct":100},"functions":{"total":9,"covered":9,"skipped":0,"pct":100},"statements":{"total":25,"covered":25,"skipped":0,"pct":100},"branches":{"total":10,"covered":10,"skipped":0,"pct":100}}
}
